# JRE version: OpenJDK Runtime Environment (11.0.2+9) (build 11.0.2+9)
# Java VM: OpenJDK 64-Bit Server VM (11.0.2+9, mixed mode, tiered, compressed oops, g1 gc, windows-amd64)
Heap:
 garbage-first heap   total 131072K, used 40141K [0x0000000081a00000, 0x0000000100000000)
  region size 1024K, 5 young (5120K), 5 survivors (5120K)
 Metaspace       used 53050K, capacity 54934K, committed 54960K, reserved 1110016K
  class space    used 6885K, capacity 7657K, committed 7680K, reserved 1048576K
GC Heap History (10 events):
Event: 16.963 GC heap before
{Heap before GC invocations=12 (full 0):
 garbage-first heap   total 131072K, used 93444K [0x0000000081a00000, 0x0000000100000000)
  region size 1024K, 76 young (77824K), 10 survivors (10240K)
 Metaspace       used 40891K, capacity 42215K, committed 42416K, reserved 1085440K
  class space    used 5080K, capacity 5614K, committed 5632K, reserved 1048576K
}
Event: 16.978 GC heap after
{Heap after GC invocations=13 (full 0):
 garbage-first heap   total 131072K, used 27213K [0x0000000081a00000, 0x0000000100000000)
  region size 1024K, 2 young (2048K), 2 survivors (2048K)
 Metaspace       used 40891K, capacity 42215K, committed 42416K, reserved 1085440K
  class space    used 5080K, capacity 5614K, committed 5632K, reserved 1048576K
}
Event: 18.552 GC heap before
{Heap before GC invocations=13 (full 0):
 garbage-first heap   total 131072K, used 101965K [0x0000000081a00000, 0x0000000100000000)
  region size 1024K, 75 young (76800K), 2 survivors (2048K)
 Metaspace       used 43661K, capacity 45252K, committed 45360K, reserved 1089536K
  class space    used 5552K, capacity 6179K, committed 6272K, reserved 1048576K
}
Event: 18.562 GC heap after
{Heap after GC invocations=14 (full 0):
 garbage-first heap   total 131072K, used 30913K [0x0000000081a00000, 0x0000000100000000)
  region size 1024K, 6 young (6144K), 6 survivors (6144K)
 Metaspace       used 43661K, capacity 45252K, committed 45360K, reserved 1089536K
  class space    used 5552K, capacity 6179K, committed 6272K, reserved 1048576K
}
Event: 21.273 GC heap before
{Heap before GC invocations=14 (full 0):
 garbage-first heap   total 131072K, used 102593K [0x0000000081a00000, 0x0000000100000000)
  region size 1024K, 76 young (77824K), 6 survivors (6144K)
 Metaspace       used 49674K, capacity 51543K, committed 51632K, reserved 1093632K
  class space    used 6392K, capacity 7127K, committed 7168K, reserved 1048576K
}
Event: 21.288 GC heap after
{Heap after GC invocations=15 (full 0):
 garbage-first heap   total 131072K, used 35816K [0x0000000081a00000, 0x0000000100000000)
  region size 1024K, 9 young (9216K), 9 survivors (9216K)
 Metaspace       used 49674K, capacity 51543K, committed 51632K, reserved 1093632K
  class space    used 6392K, capacity 7127K, committed 7168K, reserved 1048576K
}
Event: 22.378 GC heap before
{Heap before GC invocations=15 (full 0):
 garbage-first heap   total 131072K, used 104424K [0x0000000081a00000, 0x0000000100000000)
  region size 1024K, 76 young (77824K), 9 survivors (9216K)
 Metaspace       used 52875K, capacity 54774K, committed 54960K, reserved 1101824K
  class space    used 6851K, capacity 7625K, committed 7680K, reserved 1048576K
}
Event: 22.414 GC heap after
{Heap after GC invocations=16 (full 0):
 garbage-first heap   total 131072K, used 39591K [0x0000000081a00000, 0x0000000100000000)
  region size 1024K, 9 young (9216K), 9 survivors (9216K)
 Metaspace       used 52875K, capacity 54774K, committed 54960K, reserved 1101824K
  class space    used 6851K, capacity 7625K, committed 7680K, reserved 1048576K
}
Event: 22.462 GC heap before
{Heap before GC invocations=16 (full 0):
 garbage-first heap   total 131072K, used 41639K [0x0000000081a00000, 0x0000000100000000)
  region size 1024K, 12 young (12288K), 9 survivors (9216K)
 Metaspace       used 53050K, capacity 54934K, committed 54960K, reserved 1107968K
  class space    used 6885K, capacity 7657K, committed 7680K, reserved 1048576K
}
Event: 22.493 GC heap after
{Heap after GC invocations=17 (full 0):
 garbage-first heap   total 131072K, used 40141K [0x0000000081a00000, 0x0000000100000000)
  region size 1024K, 5 young (5120K), 5 survivors (5120K)
 Metaspace       used 53050K, capacity 54934K, committed 54960K, reserved 1107968K
  class space    used 6885K, capacity 7657K, committed 7680K, reserved 1048576K
}

